ERROR - 2022-06-03 03:14:52 --> Error connecting to the database: Access denied for user '****'@'localhost' (using password: NO)
CRITICAL - 2022-06-03 03:14:52 --> Unable to connect to the database.
Main connection [MySQLi]: Access denied for user '****'@'localhost' (using password: NO)
#0 /Users/madesukmayasa/Documents/SEMESTER 6/framework/kelompok CI/project/system/Database/BaseConnection.php(577): CodeIgniter\Database\BaseConnection->initialize()
#1 /Users/madesukmayasa/Documents/SEMESTER 6/framework/kelompok CI/project/system/Database/BaseBuilder.php(1455): CodeIgniter\Database\BaseConnection->query('SELECT *\nFROM `...', Array, false)
#2 /Users/madesukmayasa/Documents/SEMESTER 6/framework/kelompok CI/project/system/Model.php(183): CodeIgniter\Database\BaseBuilder->get()
#3 /Users/madesukmayasa/Documents/SEMESTER 6/framework/kelompok CI/project/system/BaseModel.php(584): CodeIgniter\Model->doFindAll(0, 0)
#4 /Users/madesukmayasa/Documents/SEMESTER 6/framework/kelompok CI/project/app/Controllers/PengunjungController.php(17): CodeIgniter\BaseModel->findAll()
#5 /Users/madesukmayasa/Documents/SEMESTER 6/framework/kelompok CI/project/system/CodeIgniter.php(832): App\Controllers\PengunjungController->index()
#6 /Users/madesukmayasa/Documents/SEMESTER 6/framework/kelompok CI/project/system/CodeIgniter.php(419): CodeIgniter\CodeIgniter->runController(Object(App\Controllers\PengunjungController))
#7 /Users/madesukmayasa/Documents/SEMESTER 6/framework/kelompok CI/project/system/CodeIgniter.php(326): CodeIgniter\CodeIgniter->handleRequest(NULL, Object(Config\Cache), false)
#8 /Users/madesukmayasa/Documents/SEMESTER 6/framework/kelompok CI/project/public/index.php(36): CodeIgniter\CodeIgniter->run()
#9 /Users/madesukmayasa/Documents/SEMESTER 6/framework/kelompok CI/project/system/Commands/Server/rewrite.php(43): require_once('/Users/madesukm...')
#10 {main}
ERROR - 2022-06-03 05:47:16 --> Error connecting to the database: Access denied for user '****'@'localhost' (using password: NO)
CRITICAL - 2022-06-03 05:47:16 --> Unable to connect to the database.
Main connection [MySQLi]: Access denied for user '****'@'localhost' (using password: NO)
#0 /Users/madesukmayasa/Documents/SEMESTER 6/framework/kelompok CI/project/system/Database/BaseConnection.php(577): CodeIgniter\Database\BaseConnection->initialize()
#1 /Users/madesukmayasa/Documents/SEMESTER 6/framework/kelompok CI/project/system/Database/BaseBuilder.php(1455): CodeIgniter\Database\BaseConnection->query('SELECT *\nFROM `...', Array, false)
#2 /Users/madesukmayasa/Documents/SEMESTER 6/framework/kelompok CI/project/system/Model.php(183): CodeIgniter\Database\BaseBuilder->get()
#3 /Users/madesukmayasa/Documents/SEMESTER 6/framework/kelompok CI/project/system/BaseModel.php(584): CodeIgniter\Model->doFindAll(0, 0)
#4 /Users/madesukmayasa/Documents/SEMESTER 6/framework/kelompok CI/project/app/Controllers/PengunjungController.php(17): CodeIgniter\BaseModel->findAll()
#5 /Users/madesukmayasa/Documents/SEMESTER 6/framework/kelompok CI/project/system/CodeIgniter.php(832): App\Controllers\PengunjungController->index()
#6 /Users/madesukmayasa/Documents/SEMESTER 6/framework/kelompok CI/project/system/CodeIgniter.php(419): CodeIgniter\CodeIgniter->runController(Object(App\Controllers\PengunjungController))
#7 /Users/madesukmayasa/Documents/SEMESTER 6/framework/kelompok CI/project/system/CodeIgniter.php(326): CodeIgniter\CodeIgniter->handleRequest(NULL, Object(Config\Cache), false)
#8 /Users/madesukmayasa/Documents/SEMESTER 6/framework/kelompok CI/project/public/index.php(36): CodeIgniter\CodeIgniter->run()
#9 /Users/madesukmayasa/Documents/SEMESTER 6/framework/kelompok CI/project/system/Commands/Server/rewrite.php(43): require_once('/Users/madesukm...')
#10 {main}
ERROR - 2022-06-03 05:48:51 --> Error connecting to the database: Access denied for user '****'@'localhost' (using password: NO)
CRITICAL - 2022-06-03 05:48:51 --> Unable to connect to the database.
Main connection [MySQLi]: Access denied for user '****'@'localhost' (using password: NO)
#0 /Users/madesukmayasa/Documents/SEMESTER 6/framework/kelompok CI/project/system/Database/BaseConnection.php(577): CodeIgniter\Database\BaseConnection->initialize()
#1 /Users/madesukmayasa/Documents/SEMESTER 6/framework/kelompok CI/project/system/Database/BaseBuilder.php(1455): CodeIgniter\Database\BaseConnection->query('SELECT *\nFROM `...', Array, false)
#2 /Users/madesukmayasa/Documents/SEMESTER 6/framework/kelompok CI/project/system/Model.php(183): CodeIgniter\Database\BaseBuilder->get()
#3 /Users/madesukmayasa/Documents/SEMESTER 6/framework/kelompok CI/project/system/BaseModel.php(584): CodeIgniter\Model->doFindAll(0, 0)
#4 /Users/madesukmayasa/Documents/SEMESTER 6/framework/kelompok CI/project/app/Controllers/PengunjungController.php(17): CodeIgniter\BaseModel->findAll()
#5 /Users/madesukmayasa/Documents/SEMESTER 6/framework/kelompok CI/project/system/CodeIgniter.php(832): App\Controllers\PengunjungController->index()
#6 /Users/madesukmayasa/Documents/SEMESTER 6/framework/kelompok CI/project/system/CodeIgniter.php(419): CodeIgniter\CodeIgniter->runController(Object(App\Controllers\PengunjungController))
#7 /Users/madesukmayasa/Documents/SEMESTER 6/framework/kelompok CI/project/system/CodeIgniter.php(326): CodeIgniter\CodeIgniter->handleRequest(NULL, Object(Config\Cache), false)
#8 /Users/madesukmayasa/Documents/SEMESTER 6/framework/kelompok CI/project/public/index.php(36): CodeIgniter\CodeIgniter->run()
#9 /Users/madesukmayasa/Documents/SEMESTER 6/framework/kelompok CI/project/system/Commands/Server/rewrite.php(43): require_once('/Users/madesukm...')
#10 {main}
ERROR - 2022-06-03 05:50:12 --> Error connecting to the database: Access denied for user '****'@'localhost' (using password: NO)
CRITICAL - 2022-06-03 05:50:12 --> Unable to connect to the database.
Main connection [MySQLi]: Access denied for user '****'@'localhost' (using password: NO)
#0 /Users/madesukmayasa/Documents/SEMESTER 6/framework/kelompok CI/project/system/Database/BaseConnection.php(577): CodeIgniter\Database\BaseConnection->initialize()
#1 /Users/madesukmayasa/Documents/SEMESTER 6/framework/kelompok CI/project/system/Database/BaseBuilder.php(1455): CodeIgniter\Database\BaseConnection->query('SELECT *\nFROM `...', Array, false)
#2 /Users/madesukmayasa/Documents/SEMESTER 6/framework/kelompok CI/project/system/Model.php(183): CodeIgniter\Database\BaseBuilder->get()
#3 /Users/madesukmayasa/Documents/SEMESTER 6/framework/kelompok CI/project/system/BaseModel.php(584): CodeIgniter\Model->doFindAll(0, 0)
#4 /Users/madesukmayasa/Documents/SEMESTER 6/framework/kelompok CI/project/app/Controllers/PengunjungController.php(17): CodeIgniter\BaseModel->findAll()
#5 /Users/madesukmayasa/Documents/SEMESTER 6/framework/kelompok CI/project/system/CodeIgniter.php(832): App\Controllers\PengunjungController->index()
#6 /Users/madesukmayasa/Documents/SEMESTER 6/framework/kelompok CI/project/system/CodeIgniter.php(419): CodeIgniter\CodeIgniter->runController(Object(App\Controllers\PengunjungController))
#7 /Users/madesukmayasa/Documents/SEMESTER 6/framework/kelompok CI/project/system/CodeIgniter.php(326): CodeIgniter\CodeIgniter->handleRequest(NULL, Object(Config\Cache), false)
#8 /Users/madesukmayasa/Documents/SEMESTER 6/framework/kelompok CI/project/public/index.php(36): CodeIgniter\CodeIgniter->run()
#9 /Users/madesukmayasa/Documents/SEMESTER 6/framework/kelompok CI/project/system/Commands/Server/rewrite.php(43): require_once('/Users/madesukm...')
#10 {main}
ERROR - 2022-06-03 05:50:55 --> Error connecting to the database: Access denied for user '****'@'localhost' (using password: NO)
CRITICAL - 2022-06-03 05:50:55 --> Unable to connect to the database.
Main connection [MySQLi]: Access denied for user '****'@'localhost' (using password: NO)
#0 /Users/madesukmayasa/Documents/SEMESTER 6/framework/kelompok CI/project/system/Database/BaseConnection.php(577): CodeIgniter\Database\BaseConnection->initialize()
#1 /Users/madesukmayasa/Documents/SEMESTER 6/framework/kelompok CI/project/system/Database/BaseBuilder.php(1455): CodeIgniter\Database\BaseConnection->query('SELECT *\nFROM `...', Array, false)
#2 /Users/madesukmayasa/Documents/SEMESTER 6/framework/kelompok CI/project/system/Model.php(183): CodeIgniter\Database\BaseBuilder->get()
#3 /Users/madesukmayasa/Documents/SEMESTER 6/framework/kelompok CI/project/system/BaseModel.php(584): CodeIgniter\Model->doFindAll(0, 0)
#4 /Users/madesukmayasa/Documents/SEMESTER 6/framework/kelompok CI/project/app/Controllers/PengunjungController.php(17): CodeIgniter\BaseModel->findAll()
#5 /Users/madesukmayasa/Documents/SEMESTER 6/framework/kelompok CI/project/system/CodeIgniter.php(832): App\Controllers\PengunjungController->index()
#6 /Users/madesukmayasa/Documents/SEMESTER 6/framework/kelompok CI/project/system/CodeIgniter.php(419): CodeIgniter\CodeIgniter->runController(Object(App\Controllers\PengunjungController))
#7 /Users/madesukmayasa/Documents/SEMESTER 6/framework/kelompok CI/project/system/CodeIgniter.php(326): CodeIgniter\CodeIgniter->handleRequest(NULL, Object(Config\Cache), false)
#8 /Users/madesukmayasa/Documents/SEMESTER 6/framework/kelompok CI/project/public/index.php(36): CodeIgniter\CodeIgniter->run()
#9 /Users/madesukmayasa/Documents/SEMESTER 6/framework/kelompok CI/project/system/Commands/Server/rewrite.php(43): require_once('/Users/madesukm...')
#10 {main}
CRITICAL - 2022-06-03 05:51:50 --> Undefined index: name
#0 /Users/madesukmayasa/Documents/SEMESTER 6/framework/kelompok CI/project/app/Views/pengunjung.php(47): CodeIgniter\Debug\Exceptions->errorHandler(8, 'Undefined index...', '/Users/madesukm...', 47, Array)
#1 /Users/madesukmayasa/Documents/SEMESTER 6/framework/kelompok CI/project/system/View/View.php(210): include('/Users/madesukm...')
#2 /Users/madesukmayasa/Documents/SEMESTER 6/framework/kelompok CI/project/system/View/View.php(213): CodeIgniter\View\View->CodeIgniter\View\{closure}()
#3 /Users/madesukmayasa/Documents/SEMESTER 6/framework/kelompok CI/project/system/Common.php(1089): CodeIgniter\View\View->render('pengunjung', Array, true)
#4 /Users/madesukmayasa/Documents/SEMESTER 6/framework/kelompok CI/project/app/Controllers/PengunjungController.php(19): view('pengunjung', Array)
#5 /Users/madesukmayasa/Documents/SEMESTER 6/framework/kelompok CI/project/system/CodeIgniter.php(832): App\Controllers\PengunjungController->index()
#6 /Users/madesukmayasa/Documents/SEMESTER 6/framework/kelompok CI/project/system/CodeIgniter.php(419): CodeIgniter\CodeIgniter->runController(Object(App\Controllers\PengunjungController))
#7 /Users/madesukmayasa/Documents/SEMESTER 6/framework/kelompok CI/project/system/CodeIgniter.php(326): CodeIgniter\CodeIgniter->handleRequest(NULL, Object(Config\Cache), false)
#8 /Users/madesukmayasa/Documents/SEMESTER 6/framework/kelompok CI/project/public/index.php(36): CodeIgniter\CodeIgniter->run()
#9 /Users/madesukmayasa/Documents/SEMESTER 6/framework/kelompok CI/project/system/Commands/Server/rewrite.php(43): require_once('/Users/madesukm...')
#10 {main}
CRITICAL - 2022-06-03 05:52:20 --> Undefined index: name
#0 /Users/madesukmayasa/Documents/SEMESTER 6/framework/kelompok CI/project/app/Views/pengunjung.php(47): CodeIgniter\Debug\Exceptions->errorHandler(8, 'Undefined index...', '/Users/madesukm...', 47, Array)
#1 /Users/madesukmayasa/Documents/SEMESTER 6/framework/kelompok CI/project/system/View/View.php(210): include('/Users/madesukm...')
#2 /Users/madesukmayasa/Documents/SEMESTER 6/framework/kelompok CI/project/system/View/View.php(213): CodeIgniter\View\View->CodeIgniter\View\{closure}()
#3 /Users/madesukmayasa/Documents/SEMESTER 6/framework/kelompok CI/project/system/Common.php(1089): CodeIgniter\View\View->render('pengunjung', Array, true)
#4 /Users/madesukmayasa/Documents/SEMESTER 6/framework/kelompok CI/project/app/Controllers/PengunjungController.php(19): view('pengunjung', Array)
#5 /Users/madesukmayasa/Documents/SEMESTER 6/framework/kelompok CI/project/system/CodeIgniter.php(832): App\Controllers\PengunjungController->index()
#6 /Users/madesukmayasa/Documents/SEMESTER 6/framework/kelompok CI/project/system/CodeIgniter.php(419): CodeIgniter\CodeIgniter->runController(Object(App\Controllers\PengunjungController))
#7 /Users/madesukmayasa/Documents/SEMESTER 6/framework/kelompok CI/project/system/CodeIgniter.php(326): CodeIgniter\CodeIgniter->handleRequest(NULL, Object(Config\Cache), false)
#8 /Users/madesukmayasa/Documents/SEMESTER 6/framework/kelompok CI/project/public/index.php(36): CodeIgniter\CodeIgniter->run()
#9 /Users/madesukmayasa/Documents/SEMESTER 6/framework/kelompok CI/project/system/Commands/Server/rewrite.php(43): require_once('/Users/madesukm...')
#10 {main}
